WARN  2025-10-12 20:28:49,299 [WrapperListener_start_runner] [processor: ; event: ] org.mule.runtime.ast.internal.serialization.dto.ComponentAstDTO: Enrichment: resolveModelComponent - NO MODEL RESOLVED!: CONSTRUCT - choice
WARN  2025-10-12 20:28:49,300 [WrapperListener_start_runner] [processor: ; event: ] org.mule.runtime.ast.internal.serialization.dto.ComponentAstDTO: Enrichment: resolveModelComponent - NO MODEL RESOLVED!: CONSTRUCT - foreach
INFO  2025-10-12 20:28:49,822 [WrapperListener_start_runner] [processor: ; event: ] org.mule.runtime.api.el.AbstractBindingContextBuilderFactory: Loaded BindingContextBuilderFactory implementation 'org.mule.runtime.core.api.el.DefaultBindingContextBuilderFactory' from classloader 'jdk.internal.loader.Loader@68f47fbb'
WARN  2025-10-12 20:28:49,829 [WrapperListener_start_runner] [processor: ; event: ] org.mule.runtime.core.internal.el.DefaultBindingContextBuilder$BindingContextImplementation: Two modules with namespace 'Batch' were found in a binding context. Set log level to DEBUG for details
WARN  2025-10-12 20:28:52,572 [WrapperListener_start_runner] [processor: ; event: ] org.mule.runtime.module.deployment.internal.processor.FallbackArtifactConfigurationProcessor: Falling back to org.mule.runtime.module.deployment.internal.processor.AstXmlParserArtifactConfigurationProcessor@153e4bf0 for deployment job_mail-1.0.0-mule-application: org.mule.runtime.core.api.config.ConfigurationException: Cannot invoke "org.mule.runtime.ast.api.ComponentParameterAst.getRawValue()" because "param" is null
WARN  2025-10-12 20:28:53,413 [WrapperListener_start_runner] [processor: ; event: ] org.mule.runtime.config.internal.context.MuleArtifactContext: [job_mail.xml:14]: Connection is not secure. Should use `HTTPS`
INFO  2025-10-12 20:28:53,846 [WrapperListener_start_runner] [processor: ; event: ] org.mule.runtime.api.message.AbstractMuleMessageBuilderFactory: Loaded MuleMessageBuilderFactory implementation 'org.mule.runtime.core.internal.message.DefaultMessageBuilderFactory' from classloader 'jdk.internal.loader.Loader@68f47fbb'
INFO  2025-10-12 20:28:53,980 [WrapperListener_start_runner] [processor: ; event: ] org.mule.runtime.tracer.exporter.config.impl.FileSpanExporterConfiguration: Tracing exporter configuration file named 'tracer-exporter.conf' not found at the '/opt/mule/conf' configuration path. Using default configuration.
INFO  2025-10-12 20:28:54,054 [WrapperListener_start_runner] [processor: ; event: ] org.mule.runtime.core.internal.util.journal.TransactionJournal: Using files for tx logs /opt/mule/./.mule/job_mail-1.0.0-mule-application/queue-tx-log/tx1.log and /opt/mule/./.mule/job_mail-1.0.0-mule-application/queue-tx-log/tx2.log
INFO  2025-10-12 20:28:54,058 [WrapperListener_start_runner] [processor: ; event: ] org.mule.runtime.core.internal.util.journal.TransactionJournal: Using files for tx logs /opt/mule/./.mule/job_mail-1.0.0-mule-application/queue-xa-tx-log/tx1.log and /opt/mule/./.mule/job_mail-1.0.0-mule-application/queue-xa-tx-log/tx2.log
INFO  2025-10-12 20:28:54,070 [WrapperListener_start_runner] [processor: ; event: ] org.mule.runtime.core.internal.lifecycle.AbstractLifecycleManager: Initialising Bean: org.mule.runtime.module.extension.internal.runtime.config.StaticConfigurationProvider-HTTP_Listener_config
INFO  2025-10-12 20:28:54,187 [WrapperListener_start_runner] [processor: ; event: ] org.mule.runtime.core.internal.lifecycle.AbstractLifecycleManager: Initialising Bean: org.mule.runtime.module.extension.internal.runtime.config.StaticConfigurationProvider-Email_SMTP
INFO  2025-10-12 20:28:54,208 [WrapperListener_start_runner] [processor: ; event: ] org.mule.runtime.core.internal.lifecycle.AbstractLifecycleManager: Initialising Bean: org.mule.runtime.module.extension.internal.runtime.config.StaticConfigurationProvider-File_Config
INFO  2025-10-12 20:28:54,211 [WrapperListener_start_runner] [processor: ; event: ] org.mule.runtime.core.internal.construct.FlowConstructLifecycleManager: Initialising flow: job_mailFlow
INFO  2025-10-12 20:28:54,298 [WrapperListener_start_runner] [processor: ; event: ] org.mule.runtime.module.tls.internal.socket.TlsProperties: Loading configuration file: tls-default.conf
INFO  2025-10-12 20:28:54,299 [WrapperListener_start_runner] [processor: ; event: ] org.mule.runtime.api.tls.AbstractTlsContextFactoryBuilderFactory: Loaded TlsContextFactoryBuilderFactory implementation 'org.mule.runtime.module.tls.api.DefaultTlsContextFactoryBuilderFactory' from classloader 'jdk.internal.loader.Loader@68f47fbb'
INFO  2025-10-12 20:28:54,303 [WrapperListener_start_runner] [processor: ; event: ] org.mule.runtime.core.internal.lifecycle.AbstractLifecycleManager: Initialising Bean: org.mule.runtime.module.extension.internal.runtime.config.StaticConfigurationProvider-HTTP-requestConfig-implicit
INFO  2025-10-12 20:28:54,405 [ArtifactDeployer.start.01] [processor: ; event: ] org.mule.runtime.core.internal.util.queue.QueueXaResourceManager: Starting ResourceManager
INFO  2025-10-12 20:28:54,405 [ArtifactDeployer.start.01] [processor: ; event: ] org.mule.runtime.core.internal.util.queue.QueueXaResourceManager: Started ResourceManager
INFO  2025-10-12 20:28:54,407 [ArtifactDeployer.start.01] [processor: ; event: ] org.mule.runtime.core.internal.lifecycle.AbstractLifecycleManager: Starting Bean: org.mule.runtime.module.extension.internal.runtime.config.StaticConfigurationProvider-HTTP_Listener_config
INFO  2025-10-12 20:28:54,422 [ArtifactDeployer.start.01] [processor: ; event: ] org.mule.runtime.core.internal.lifecycle.AbstractLifecycleManager: Starting Bean: org.mule.runtime.module.extension.internal.runtime.config.StaticConfigurationProvider-Email_SMTP
INFO  2025-10-12 20:28:54,423 [ArtifactDeployer.start.01] [processor: ; event: ] org.mule.runtime.core.internal.lifecycle.AbstractLifecycleManager: Starting Bean: org.mule.runtime.module.extension.internal.runtime.config.StaticConfigurationProvider-File_Config
WARN  2025-10-12 20:28:54,424 [[MuleRuntime].uber.14: [job_mail-1.0.0-mule-application].uber@org.mule.runtime.core.internal.connection.DefaultConnectivityTesterFactory$1.testConnectivity:102 @20973a75] [processor: ; event: ] org.mule.extension.file.internal.LocalFileConnectionProvider: File connector 'File_Config' does not specify the workingDir property. Defaulting to '/root'
INFO  2025-10-12 20:28:54,435 [ArtifactDeployer.start.01] [processor: ; event: ] org.mule.runtime.core.internal.lifecycle.AbstractLifecycleManager: Starting Bean: org.mule.runtime.module.extension.internal.runtime.config.StaticConfigurationProvider-HTTP-requestConfig-implicit
INFO  2025-10-12 20:28:54,536 [ArtifactDeployer.start.01] [processor: ; event: ] org.mule.runtime.core.internal.construct.FlowConstructLifecycleManager: Starting flow: job_mailFlow
INFO  2025-10-12 20:28:54,720 [ArtifactDeployer.start.01] [processor: ; event: ] org.mule.runtime.core.internal.util.queue.QueueXaResourceManager: Starting ResourceManager
INFO  2025-10-12 20:28:54,720 [ArtifactDeployer.start.01] [processor: ; event: ] org.mule.runtime.core.internal.util.queue.QueueXaResourceManager: Started ResourceManager
WARN  2025-10-12 20:28:54,725 [ArtifactDeployer.start.01] [processor: ; event: ] org.mule.runtime.core.api.source.scheduler.CronScheduler: Configured timezone 'null' is invalid in scheduler 'null'. Defaulting to GMT
INFO  2025-10-12 20:28:54,737 [ArtifactDeployer.start.01] [processor: ; event: ] org.mule.runtime.core.internal.logging: 
**********************************************************************
* Application "job_mail-1.0.0-mule-application" shut down normally   *
* on: 10/12/25 8:28 PM                                               *
* Up for: 0 days, 0 hours, 0 mins, 0.332 sec                         *
**********************************************************************
WARN  2025-10-13 03:15:23,627 [WrapperListener_start_runner] [processor: ; event: ] org.mule.runtime.ast.internal.serialization.dto.ComponentAstDTO: Enrichment: resolveModelComponent - NO MODEL RESOLVED!: CONSTRUCT - choice
WARN  2025-10-13 03:15:23,628 [WrapperListener_start_runner] [processor: ; event: ] org.mule.runtime.ast.internal.serialization.dto.ComponentAstDTO: Enrichment: resolveModelComponent - NO MODEL RESOLVED!: CONSTRUCT - foreach
INFO  2025-10-13 03:15:24,557 [WrapperListener_start_runner] [processor: ; event: ] org.mule.runtime.api.el.AbstractBindingContextBuilderFactory: Loaded BindingContextBuilderFactory implementation 'org.mule.runtime.core.api.el.DefaultBindingContextBuilderFactory' from classloader 'jdk.internal.loader.Loader@6e816f7a'
WARN  2025-10-13 03:15:24,569 [WrapperListener_start_runner] [processor: ; event: ] org.mule.runtime.core.internal.el.DefaultBindingContextBuilder$BindingContextImplementation: Two modules with namespace 'Batch' were found in a binding context. Set log level to DEBUG for details
WARN  2025-10-13 03:15:29,805 [WrapperListener_start_runner] [processor: ; event: ] org.mule.runtime.module.deployment.internal.processor.FallbackArtifactConfigurationProcessor: Falling back to org.mule.runtime.module.deployment.internal.processor.AstXmlParserArtifactConfigurationProcessor@790c7f1 for deployment job_mail-1.0.0-mule-application: org.mule.runtime.core.api.config.ConfigurationException: Cannot invoke "org.mule.runtime.ast.api.ComponentParameterAst.getRawValue()" because "param" is null
WARN  2025-10-13 03:15:31,332 [WrapperListener_start_runner] [processor: ; event: ] org.mule.runtime.config.internal.context.MuleArtifactContext: [job_mail.xml:14]: Connection is not secure. Should use `HTTPS`
INFO  2025-10-13 03:15:32,135 [WrapperListener_start_runner] [processor: ; event: ] org.mule.runtime.api.message.AbstractMuleMessageBuilderFactory: Loaded MuleMessageBuilderFactory implementation 'org.mule.runtime.core.internal.message.DefaultMessageBuilderFactory' from classloader 'jdk.internal.loader.Loader@6e816f7a'
INFO  2025-10-13 03:15:32,346 [WrapperListener_start_runner] [processor: ; event: ] org.mule.runtime.tracer.exporter.config.impl.FileSpanExporterConfiguration: Tracing exporter configuration file named 'tracer-exporter.conf' not found at the '/opt/mule/conf' configuration path. Using default configuration.
INFO  2025-10-13 03:15:32,483 [WrapperListener_start_runner] [processor: ; event: ] org.mule.runtime.core.internal.util.journal.TransactionJournal: Using files for tx logs /opt/mule/./.mule/job_mail-1.0.0-mule-application/queue-tx-log/tx1.log and /opt/mule/./.mule/job_mail-1.0.0-mule-application/queue-tx-log/tx2.log
INFO  2025-10-13 03:15:32,490 [WrapperListener_start_runner] [processor: ; event: ] org.mule.runtime.core.internal.util.journal.TransactionJournal: Using files for tx logs /opt/mule/./.mule/job_mail-1.0.0-mule-application/queue-xa-tx-log/tx1.log and /opt/mule/./.mule/job_mail-1.0.0-mule-application/queue-xa-tx-log/tx2.log
INFO  2025-10-13 03:15:32,504 [WrapperListener_start_runner] [processor: ; event: ] org.mule.runtime.core.internal.lifecycle.AbstractLifecycleManager: Initialising Bean: org.mule.runtime.module.extension.internal.runtime.config.StaticConfigurationProvider-HTTP_Listener_config
INFO  2025-10-13 03:15:32,734 [WrapperListener_start_runner] [processor: ; event: ] org.mule.runtime.core.internal.lifecycle.AbstractLifecycleManager: Initialising Bean: org.mule.runtime.module.extension.internal.runtime.config.StaticConfigurationProvider-Email_SMTP
INFO  2025-10-13 03:15:32,784 [WrapperListener_start_runner] [processor: ; event: ] org.mule.runtime.core.internal.lifecycle.AbstractLifecycleManager: Initialising Bean: org.mule.runtime.module.extension.internal.runtime.config.StaticConfigurationProvider-File_Config
INFO  2025-10-13 03:15:32,794 [WrapperListener_start_runner] [processor: ; event: ] org.mule.runtime.core.internal.construct.FlowConstructLifecycleManager: Initialising flow: job_mailFlow
INFO  2025-10-13 03:15:32,992 [WrapperListener_start_runner] [processor: ; event: ] org.mule.runtime.module.tls.internal.socket.TlsProperties: Loading configuration file: tls-default.conf
INFO  2025-10-13 03:15:32,993 [WrapperListener_start_runner] [processor: ; event: ] org.mule.runtime.api.tls.AbstractTlsContextFactoryBuilderFactory: Loaded TlsContextFactoryBuilderFactory implementation 'org.mule.runtime.module.tls.api.DefaultTlsContextFactoryBuilderFactory' from classloader 'jdk.internal.loader.Loader@6e816f7a'
INFO  2025-10-13 03:15:33,000 [WrapperListener_start_runner] [processor: ; event: ] org.mule.runtime.core.internal.lifecycle.AbstractLifecycleManager: Initialising Bean: org.mule.runtime.module.extension.internal.runtime.config.StaticConfigurationProvider-HTTP-requestConfig-implicit
INFO  2025-10-13 03:15:33,214 [ArtifactDeployer.start.01] [processor: ; event: ] org.mule.runtime.core.internal.util.queue.QueueXaResourceManager: Starting ResourceManager
INFO  2025-10-13 03:15:33,214 [ArtifactDeployer.start.01] [processor: ; event: ] org.mule.runtime.core.internal.util.queue.QueueXaResourceManager: Started ResourceManager
INFO  2025-10-13 03:15:33,216 [ArtifactDeployer.start.01] [processor: ; event: ] org.mule.runtime.core.internal.lifecycle.AbstractLifecycleManager: Starting Bean: org.mule.runtime.module.extension.internal.runtime.config.StaticConfigurationProvider-HTTP_Listener_config
INFO  2025-10-13 03:15:33,249 [ArtifactDeployer.start.01] [processor: ; event: ] org.mule.runtime.core.internal.lifecycle.AbstractLifecycleManager: Starting Bean: org.mule.runtime.module.extension.internal.runtime.config.StaticConfigurationProvider-Email_SMTP
INFO  2025-10-13 03:15:33,254 [ArtifactDeployer.start.01] [processor: ; event: ] org.mule.runtime.core.internal.lifecycle.AbstractLifecycleManager: Starting Bean: org.mule.runtime.module.extension.internal.runtime.config.StaticConfigurationProvider-File_Config
WARN  2025-10-13 03:15:33,256 [[MuleRuntime].uber.14: [job_mail-1.0.0-mule-application].uber@org.mule.runtime.core.internal.connection.DefaultConnectivityTesterFactory$1.testConnectivity:102 @30deeaf9] [processor: ; event: ] org.mule.extension.file.internal.LocalFileConnectionProvider: File connector 'File_Config' does not specify the workingDir property. Defaulting to '/root'
INFO  2025-10-13 03:15:33,278 [ArtifactDeployer.start.01] [processor: ; event: ] org.mule.runtime.core.internal.lifecycle.AbstractLifecycleManager: Starting Bean: org.mule.runtime.module.extension.internal.runtime.config.StaticConfigurationProvider-HTTP-requestConfig-implicit
INFO  2025-10-13 03:15:33,478 [ArtifactDeployer.start.01] [processor: ; event: ] org.mule.runtime.core.internal.construct.FlowConstructLifecycleManager: Starting flow: job_mailFlow
INFO  2025-10-13 03:15:33,831 [ArtifactDeployer.start.01] [processor: ; event: ] org.mule.runtime.core.internal.util.queue.QueueXaResourceManager: Starting ResourceManager
INFO  2025-10-13 03:15:33,831 [ArtifactDeployer.start.01] [processor: ; event: ] org.mule.runtime.core.internal.util.queue.QueueXaResourceManager: Started ResourceManager
INFO  2025-10-13 03:15:33,856 [ArtifactDeployer.start.01] [processor: ; event: ] org.mule.runtime.core.internal.logging: 
**********************************************************************
* Application "job_mail-1.0.0-mule-application" shut down normally   *
* on: 10/13/25 3:15 AM                                               *
* Up for: 0 days, 0 hours, 0 mins, 0.643 sec                         *
**********************************************************************
WARN  2025-10-13 09:59:46,296 [WrapperListener_start_runner] [processor: ; event: ] org.mule.runtime.ast.internal.serialization.dto.ComponentAstDTO: Enrichment: resolveModelComponent - NO MODEL RESOLVED!: CONSTRUCT - choice
WARN  2025-10-13 09:59:46,297 [WrapperListener_start_runner] [processor: ; event: ] org.mule.runtime.ast.internal.serialization.dto.ComponentAstDTO: Enrichment: resolveModelComponent - NO MODEL RESOLVED!: CONSTRUCT - foreach
INFO  2025-10-13 09:59:46,935 [WrapperListener_start_runner] [processor: ; event: ] org.mule.runtime.api.el.AbstractBindingContextBuilderFactory: Loaded BindingContextBuilderFactory implementation 'org.mule.runtime.core.api.el.DefaultBindingContextBuilderFactory' from classloader 'jdk.internal.loader.Loader@3d04c631'
WARN  2025-10-13 09:59:46,940 [WrapperListener_start_runner] [processor: ; event: ] org.mule.runtime.core.internal.el.DefaultBindingContextBuilder$BindingContextImplementation: Two modules with namespace 'Batch' were found in a binding context. Set log level to DEBUG for details
WARN  2025-10-13 09:59:50,190 [WrapperListener_start_runner] [processor: ; event: ] org.mule.runtime.module.deployment.internal.processor.FallbackArtifactConfigurationProcessor: Falling back to org.mule.runtime.module.deployment.internal.processor.AstXmlParserArtifactConfigurationProcessor@374d1420 for deployment job_mail-1.0.0-mule-application: org.mule.runtime.core.api.config.ConfigurationException: Cannot invoke "org.mule.runtime.ast.api.ComponentParameterAst.getRawValue()" because "param" is null
WARN  2025-10-13 09:59:51,081 [WrapperListener_start_runner] [processor: ; event: ] org.mule.runtime.config.internal.context.MuleArtifactContext: [job_mail.xml:14]: Connection is not secure. Should use `HTTPS`
INFO  2025-10-13 09:59:51,601 [WrapperListener_start_runner] [processor: ; event: ] org.mule.runtime.api.message.AbstractMuleMessageBuilderFactory: Loaded MuleMessageBuilderFactory implementation 'org.mule.runtime.core.internal.message.DefaultMessageBuilderFactory' from classloader 'jdk.internal.loader.Loader@3d04c631'
INFO  2025-10-13 09:59:51,772 [WrapperListener_start_runner] [processor: ; event: ] org.mule.runtime.tracer.exporter.config.impl.FileSpanExporterConfiguration: Tracing exporter configuration file named 'tracer-exporter.conf' not found at the '/opt/mule/conf' configuration path. Using default configuration.
INFO  2025-10-13 09:59:51,875 [WrapperListener_start_runner] [processor: ; event: ] org.mule.runtime.core.internal.util.journal.TransactionJournal: Using files for tx logs /opt/mule/./.mule/job_mail-1.0.0-mule-application/queue-tx-log/tx1.log and /opt/mule/./.mule/job_mail-1.0.0-mule-application/queue-tx-log/tx2.log
INFO  2025-10-13 09:59:51,880 [WrapperListener_start_runner] [processor: ; event: ] org.mule.runtime.core.internal.util.journal.TransactionJournal: Using files for tx logs /opt/mule/./.mule/job_mail-1.0.0-mule-application/queue-xa-tx-log/tx1.log and /opt/mule/./.mule/job_mail-1.0.0-mule-application/queue-xa-tx-log/tx2.log
INFO  2025-10-13 09:59:51,894 [WrapperListener_start_runner] [processor: ; event: ] org.mule.runtime.core.internal.lifecycle.AbstractLifecycleManager: Initialising Bean: org.mule.runtime.module.extension.internal.runtime.config.StaticConfigurationProvider-HTTP_Listener_config
INFO  2025-10-13 09:59:52,044 [WrapperListener_start_runner] [processor: ; event: ] org.mule.runtime.core.internal.lifecycle.AbstractLifecycleManager: Initialising Bean: org.mule.runtime.module.extension.internal.runtime.config.StaticConfigurationProvider-Email_SMTP
INFO  2025-10-13 09:59:52,076 [WrapperListener_start_runner] [processor: ; event: ] org.mule.runtime.core.internal.lifecycle.AbstractLifecycleManager: Initialising Bean: org.mule.runtime.module.extension.internal.runtime.config.StaticConfigurationProvider-File_Config
INFO  2025-10-13 09:59:52,080 [WrapperListener_start_runner] [processor: ; event: ] org.mule.runtime.core.internal.construct.FlowConstructLifecycleManager: Initialising flow: job_mailFlow
INFO  2025-10-13 09:59:52,189 [WrapperListener_start_runner] [processor: ; event: ] org.mule.runtime.module.tls.internal.socket.TlsProperties: Loading configuration file: tls-default.conf
INFO  2025-10-13 09:59:52,191 [WrapperListener_start_runner] [processor: ; event: ] org.mule.runtime.api.tls.AbstractTlsContextFactoryBuilderFactory: Loaded TlsContextFactoryBuilderFactory implementation 'org.mule.runtime.module.tls.api.DefaultTlsContextFactoryBuilderFactory' from classloader 'jdk.internal.loader.Loader@3d04c631'
INFO  2025-10-13 09:59:52,196 [WrapperListener_start_runner] [processor: ; event: ] org.mule.runtime.core.internal.lifecycle.AbstractLifecycleManager: Initialising Bean: org.mule.runtime.module.extension.internal.runtime.config.StaticConfigurationProvider-HTTP-requestConfig-implicit
INFO  2025-10-13 09:59:52,324 [ArtifactDeployer.start.01] [processor: ; event: ] org.mule.runtime.core.internal.util.queue.QueueXaResourceManager: Starting ResourceManager
INFO  2025-10-13 09:59:52,324 [ArtifactDeployer.start.01] [processor: ; event: ] org.mule.runtime.core.internal.util.queue.QueueXaResourceManager: Started ResourceManager
INFO  2025-10-13 09:59:52,327 [ArtifactDeployer.start.01] [processor: ; event: ] org.mule.runtime.core.internal.lifecycle.AbstractLifecycleManager: Starting Bean: org.mule.runtime.module.extension.internal.runtime.config.StaticConfigurationProvider-HTTP_Listener_config
INFO  2025-10-13 09:59:52,347 [ArtifactDeployer.start.01] [processor: ; event: ] org.mule.runtime.core.internal.lifecycle.AbstractLifecycleManager: Starting Bean: org.mule.runtime.module.extension.internal.runtime.config.StaticConfigurationProvider-Email_SMTP
INFO  2025-10-13 09:59:52,349 [ArtifactDeployer.start.01] [processor: ; event: ] org.mule.runtime.core.internal.lifecycle.AbstractLifecycleManager: Starting Bean: org.mule.runtime.module.extension.internal.runtime.config.StaticConfigurationProvider-File_Config
WARN  2025-10-13 09:59:52,350 [[MuleRuntime].uber.14: [job_mail-1.0.0-mule-application].uber@org.mule.runtime.core.internal.connection.DefaultConnectivityTesterFactory$1.testConnectivity:102 @10bfb4e6] [processor: ; event: ] org.mule.extension.file.internal.LocalFileConnectionProvider: File connector 'File_Config' does not specify the workingDir property. Defaulting to '/root'
INFO  2025-10-13 09:59:52,362 [ArtifactDeployer.start.01] [processor: ; event: ] org.mule.runtime.core.internal.lifecycle.AbstractLifecycleManager: Starting Bean: org.mule.runtime.module.extension.internal.runtime.config.StaticConfigurationProvider-HTTP-requestConfig-implicit
INFO  2025-10-13 09:59:52,473 [ArtifactDeployer.start.01] [processor: ; event: ] org.mule.runtime.core.internal.construct.FlowConstructLifecycleManager: Starting flow: job_mailFlow
INFO  2025-10-13 09:59:52,678 [ArtifactDeployer.start.01] [processor: ; event: ] org.mule.runtime.core.internal.util.queue.QueueXaResourceManager: Starting ResourceManager
INFO  2025-10-13 09:59:52,678 [ArtifactDeployer.start.01] [processor: ; event: ] org.mule.runtime.core.internal.util.queue.QueueXaResourceManager: Started ResourceManager
INFO  2025-10-13 09:59:52,692 [ArtifactDeployer.start.01] [processor: ; event: ] org.mule.runtime.core.internal.logging: 
**********************************************************************
* Application "job_mail-1.0.0-mule-application" shut down normally   *
* on: 10/13/25 9:59 AM                                               *
* Up for: 0 days, 0 hours, 0 mins, 0.369 sec                         *
**********************************************************************
