--> Wrapper Started as Console
Java Service Wrapper Standard Edition 64-bit 3.5.51
  Copyright (C) 1999-2022 Tanuki Software, Ltd. All Rights Reserved.
    http://wrapper.tanukisoftware.com
  Licensed to MuleSoft Inc. for Mule Runtime Enterprise Edition

Launching a JVM...
Failed to set JVM input handle to non blocking mode: Bad file descriptor (9)
Failed to set JVM input handle to close on JVM exit: Bad file descriptor (9)
Unable to set JVM's stdin: Bad file descriptor
--> Wrapper Started as Console
]0;Mule Enterprise EditionJava Service Wrapper Standard Edition 64-bit 3.5.51
  Copyright (C) 1999-2022 Tanuki Software, Ltd. All Rights Reserved.
    http://wrapper.tanukisoftware.com
  Licensed to MuleSoft Inc. for Mule Runtime Enterprise Edition

Launching a JVM...
JVM exited while loading the application.
JVM was running for 0 seconds (less than the successful invocation time of 300 seconds).
  Incrementing failed invocation count (currently 1).
Launching a JVM...
Starting the Mule Container...
WrapperManager: Initializing...
WrapperManager: write error java.io.FileNotFoundException: /tmp/wrapper-126-2-out (No such file or directory)
java.io.FileNotFoundException: /tmp/wrapper-126-2-out (No such file or directory)
	at java.base/java.io.FileInputStream.open0(Native Method)
	at java.base/java.io.FileInputStream.open(FileInputStream.java:216)
	at java.base/java.io.FileInputStream.<init>(FileInputStream.java:157)
	at wrapper@3.5.51/org.tanukisoftware.wrapper.WrapperManager.openBackendPipe(WrapperManager.java:5434)
	at wrapper@3.5.51/org.tanukisoftware.wrapper.WrapperManager.openBackend(WrapperManager.java:5457)
	at wrapper@3.5.51/org.tanukisoftware.wrapper.WrapperManager.run(WrapperManager.java:6292)
	at java.base/java.lang.Thread.run(Thread.java:840)
WrapperManager Error: The backend could not be initialized.  Restart to resync with the Wrapper.
Valid license key --> Evaluation = true, Expiration Date = Tue Nov 11 00:00:00 GMT 2025, Contact Name = MuleSoft Support, Contact Email Address = support@mulesoft.com, Contact Telephone = support@mulesoft.com, Contact Company = MuleSoft, Contact Country = US, Entitlements = 
JVM exited while loading the application.
JVM was running for 3 seconds (less than the successful invocation time of 300 seconds).
  Incrementing failed invocation count (currently 2).
Launching a JVM...
Starting the Mule Container...
WrapperManager: Initializing...
WrapperManager: write error java.io.FileNotFoundException: /tmp/wrapper-126-3-out (No such file or directory)
java.io.FileNotFoundException: /tmp/wrapper-126-3-out (No such file or directory)
	at java.base/java.io.FileInputStream.open0(Native Method)
	at java.base/java.io.FileInputStream.open(FileInputStream.java:216)
	at java.base/java.io.FileInputStream.<init>(FileInputStream.java:157)
	at wrapper@3.5.51/org.tanukisoftware.wrapper.WrapperManager.openBackendPipe(WrapperManager.java:5434)
	at wrapper@3.5.51/org.tanukisoftware.wrapper.WrapperManager.openBackend(WrapperManager.java:5457)
	at wrapper@3.5.51/org.tanukisoftware.wrapper.WrapperManager.run(WrapperManager.java:6292)
	at java.base/java.lang.Thread.run(Thread.java:840)
WrapperManager Error: The backend could not be initialized.  Restart to resync with the Wrapper.
Valid license key --> Evaluation = true, Expiration Date = Tue Nov 11 00:00:00 GMT 2025, Contact Name = MuleSoft Support, Contact Email Address = support@mulesoft.com, Contact Telephone = support@mulesoft.com, Contact Company = MuleSoft, Contact Country = US, Entitlements = 
JVM exited while loading the application.
JVM was running for 2 seconds (less than the successful invocation time of 300 seconds).
  Incrementing failed invocation count (currently 3).
Launching a JVM...
Starting the Mule Container...
WrapperManager: Initializing...
WrapperManager: write error java.io.FileNotFoundException: /tmp/wrapper-126-4-out (No such file or directory)
java.io.FileNotFoundException: /tmp/wrapper-126-4-out (No such file or directory)
	at java.base/java.io.FileInputStream.open0(Native Method)
	at java.base/java.io.FileInputStream.open(FileInputStream.java:216)
	at java.base/java.io.FileInputStream.<init>(FileInputStream.java:157)
	at wrapper@3.5.51/org.tanukisoftware.wrapper.WrapperManager.openBackendPipe(WrapperManager.java:5434)
	at wrapper@3.5.51/org.tanukisoftware.wrapper.WrapperManager.openBackend(WrapperManager.java:5457)
	at wrapper@3.5.51/org.tanukisoftware.wrapper.WrapperManager.run(WrapperManager.java:6292)
	at java.base/java.lang.Thread.run(Thread.java:840)
WrapperManager Error: The backend could not be initialized.  Restart to resync with the Wrapper.
Valid license key --> Evaluation = true, Expiration Date = Tue Nov 11 00:00:00 GMT 2025, Contact Name = MuleSoft Support, Contact Email Address = support@mulesoft.com, Contact Telephone = support@mulesoft.com, Contact Company = MuleSoft, Contact Country = US, Entitlements = 
JVM exited while loading the application.
JVM was running for 2 seconds (less than the successful invocation time of 300 seconds).
  Incrementing failed invocation count (currently 4).
Launching a JVM...
Starting the Mule Container...
WrapperManager: Initializing...
WrapperManager: write error java.io.FileNotFoundException: /tmp/wrapper-126-5-out (No such file or directory)
java.io.FileNotFoundException: /tmp/wrapper-126-5-out (No such file or directory)
	at java.base/java.io.FileInputStream.open0(Native Method)
	at java.base/java.io.FileInputStream.open(FileInputStream.java:216)
	at java.base/java.io.FileInputStream.<init>(FileInputStream.java:157)
	at wrapper@3.5.51/org.tanukisoftware.wrapper.WrapperManager.openBackendPipe(WrapperManager.java:5434)
	at wrapper@3.5.51/org.tanukisoftware.wrapper.WrapperManager.openBackend(WrapperManager.java:5457)
	at wrapper@3.5.51/org.tanukisoftware.wrapper.WrapperManager.run(WrapperManager.java:6292)
	at java.base/java.lang.Thread.run(Thread.java:840)
WrapperManager Error: The backend could not be initialized.  Restart to resync with the Wrapper.
Valid license key --> Evaluation = true, Expiration Date = Tue Nov 11 00:00:00 GMT 2025, Contact Name = MuleSoft Support, Contact Email Address = support@mulesoft.com, Contact Telephone = support@mulesoft.com, Contact Company = MuleSoft, Contact Country = US, Entitlements = 
JVM exited while loading the application.
JVM was running for 2 seconds (less than the successful invocation time of 300 seconds).
  Incrementing failed invocation count (currently 5).
There were 5 failed launches in a row, each lasting less than 300 seconds.  Giving up.
  There may be a configuration problem: please check the logs.
<-- Wrapper Stopped
--> Wrapper Started as Console
Java Service Wrapper Standard Edition 64-bit 3.5.51
  Copyright (C) 1999-2022 Tanuki Software, Ltd. All Rights Reserved.
    http://wrapper.tanukisoftware.com
  Licensed to MuleSoft Inc. for Mule Runtime Enterprise Edition

Launching a JVM...
Starting the Mule Container...
WrapperManager: Initializing...
Valid license key --> Evaluation = true, Expiration Date = Tue Nov 11 00:00:00 GMT 2025, Contact Name = MuleSoft Support, Contact Email Address = support@mulesoft.com, Contact Telephone = support@mulesoft.com, Contact Company = MuleSoft, Contact Country = US, Entitlements = 

**********************************************************************
*                                                                    *
*                         (((((((((((((((((((                        *
*                     (((((                 ((((#                    *
*                  &(((                        *(((                  *
*                &(((                             (((                *
*               (((     (((%               (((#     (((              *
*              ((     (((((((             (((((((    (((             *
*             ((     (((((((((           (((((((((     ((            *
*            ((    #(((((((((((        #(((((((((((    (((           *
*           #((    ((((((((((((((     ((((((((((((((    ((           *
*           ((    ((((((  /(((((((   (((((((  /((((((    ((          *
*           ((    ((((((    (((((((&(((((((    ((((((    ((          *
*           ((    (((((      ((((((((((((*     ((((((    ((          *
*           ((    ((((((      *(((((((((       ((((((    ((          *
*           ((    ((((((        (((((((        ((((((   (((          *
*            ((    ((((((                     ((((((    ((           *
*            ((#    ((((((#                 (((((((    ((            *
*             ((#    ((((((((             ((((((((    (((            *
*              (((    (((((((              (((((     ((.             *
*                ((      (((               (((     #((               *
*                 /((                            (((                 *
*                    (((                      &(((                   *
*                      *((((&             &((((                      *
*                           ((((((((((((((/                          *
*                                                                    *
*    ___  ___      _        ______            _   _                  *
*    |  \/  |     | |       | ___ \          | | (_)                 *
*    | .  . |_   _| | ___   | |_/ /   _ _ __ | |_ _ _ __ ___   ___   *
*    | |\/| | | | | |/ _ \  |    / | | | '_ \| __| | '_ ` _ \ / _ \  *
*    | |  | | |_| | |  __/  | |\ \ |_| | | | | |_| | | | | | |  __/  *
*    \_|  |_/\__,_|_|\___|  \_| \_\__,_|_| |_|\__|_|_| |_| |_|\___|  *
*                                                                    *
*                                                                    *
* Mule Runtime and Integration Platform                              *
* Version: 4.10.0 Build: 5e9be670                                    *
* MuleSoft, Inc.                                                     *
* For more information go to                                         *
* https://www.mulesoft.com/platform/soa/mule-esb-enterprise          *
*                                                                    *
* Server started: 10/12/25 8:28 PM                                   *
* JDK: 17.0.16 (mixed mode, sharing)                                 *
* JDK properties:                                                    *
*  - java.vendor = Ubuntu                                            *
*  - java.vm.name = OpenJDK 64-Bit Server VM                         *
*  - java.home = /usr/lib/jvm/java-17-openjdk-amd64                  *
* OS: Linux (5.15.167.4-microsoft-standard-WSL2, amd64)              *
* Wrapper PID: 126                                                   *
* Java PID: 146                                                      *
* Host: 2b84830e2158 (172.17.0.2)                                    *
* Mule services:                                                     *
*  - mule-service-oauth-ee-1.7.0                                     *
*  - mule-service-weave-ee-2.10.0                                    *
*  - api-gateway-contract-service-1.6.0                              *
*  - mule-service-soap-1.9.2                                         *
*  - mule-service-http-ee-1.13.0                                     *
*  - api-gateway-events-collector-service-1.6.0                      *
*  - mule-service-scheduler-1.10.0                                   *
* Mule server plugins:                                               *
*  - mule-troubleshooting-plugin-1.0.0-mule-server-plugin.jar        *
* Applied artifact patches:                                          *
*  - W-19290853-1.0.1-4.10.0.jar                                     *
*  - W-19290853-1.0.2-4.10.0.jar                                     *
* Mule system properties:                                            *
*  - mule.metadata.cache.expirationInterval.millis = 5000            *
*  - mule.base = /opt/mule                                           *
*  - mule.home = /opt/mule                                           *
* - mule.bootstrap.container.wrapper.class =                         *
* org.mule.runtime.module.boot.tanuki.internal.MuleContainerTanukiWr *
* apper                                                              *
*  - mule.verbose.exceptions = true                                  *
*  - mule.metadata.cache.entryTtl.minutes = 10                       *
**********************************************************************

**********************************************************************
* Cluster configuration                                              *
*                                                                    *
* Cluster mode disabled                                              *
**********************************************************************
 + New domain 'default'
 + Initializing domain 'default'

**********************************************************************
* Started DefaultSchedulerService                                    *
*                                                                    *
* Resolved configuration values:                                     *
*                                                                    *
* Pooling strategy:       UBER                                       *
* gracefulShutdownTimeout:       15000 ms                            *
* uber.threadPool.maxSize:         172                               *
* uber.threadPool.threadKeepAlive: 30000 ms                          *
*                                                                    *
* These can be modified by editing 'conf/scheduler-pools.conf'       *
**********************************************************************

**********************************************************************
* Domain "default" shut down normally on: 10/12/25 8:28 PM           *
* Up for: 0 days, 0 hours, 0 mins, 0.0 sec                           *
**********************************************************************

**********************************************************************
* Started domain 'default'                                           *
**********************************************************************
 + New app 'job_mail-1.0.0-mule-application'
 + Initializing app 'job_mail-1.0.0-mule-application'
 + Starting app 'job_mail-1.0.0-mule-application'

**********************************************************************
* Started app 'job_mail-1.0.0-mule-application'                      *
* Application plugins:                                               *
*  - Email : 1.7.6                                                   *
*  - File Common Plugin : 1.4.3                                      *
*  - Sockets : 1.2.7                                                 *
*  - File : 1.5.4                                                    *
*  - HTTP : 1.11.0                                                   *
**********************************************************************
 + Mule is up and kicking (every 5000ms)

**********************************************************************
*              - - + DOMAIN + - -               * - - + STATUS + - - *
**********************************************************************
* default                                       * DEPLOYED           *
**********************************************************************

*******************************************************************************************************
*            - - + APPLICATION + - -            *       - - + DOMAIN + - -       * - - + STATUS + - - *
*******************************************************************************************************
* job_mail-1.0.0-mule-application               * default                        * DEPLOYED           *
*******************************************************************************************************

--> Wrapper Started as Console
Java Service Wrapper Standard Edition 64-bit 3.5.51
  Copyright (C) 1999-2022 Tanuki Software, Ltd. All Rights Reserved.
    http://wrapper.tanukisoftware.com
  Licensed to MuleSoft Inc. for Mule Runtime Enterprise Edition

Launching a JVM...
Starting the Mule Container...
WrapperManager: Initializing...
Valid license key --> Evaluation = true, Expiration Date = Wed Nov 12 00:00:00 IST 2025, Contact Name = MuleSoft Support, Contact Email Address = support@mulesoft.com, Contact Telephone = support@mulesoft.com, Contact Company = MuleSoft, Contact Country = US, Entitlements = 

**********************************************************************
*                                                                    *
*                         (((((((((((((((((((                        *
*                     (((((                 ((((#                    *
*                  &(((                        *(((                  *
*                &(((                             (((                *
*               (((     (((%               (((#     (((              *
*              ((     (((((((             (((((((    (((             *
*             ((     (((((((((           (((((((((     ((            *
*            ((    #(((((((((((        #(((((((((((    (((           *
*           #((    ((((((((((((((     ((((((((((((((    ((           *
*           ((    ((((((  /(((((((   (((((((  /((((((    ((          *
*           ((    ((((((    (((((((&(((((((    ((((((    ((          *
*           ((    (((((      ((((((((((((*     ((((((    ((          *
*           ((    ((((((      *(((((((((       ((((((    ((          *
*           ((    ((((((        (((((((        ((((((   (((          *
*            ((    ((((((                     ((((((    ((           *
*            ((#    ((((((#                 (((((((    ((            *
*             ((#    ((((((((             ((((((((    (((            *
*              (((    (((((((              (((((     ((.             *
*                ((      (((               (((     #((               *
*                 /((                            (((                 *
*                    (((                      &(((                   *
*                      *((((&             &((((                      *
*                           ((((((((((((((/                          *
*                                                                    *
*    ___  ___      _        ______            _   _                  *
*    |  \/  |     | |       | ___ \          | | (_)                 *
*    | .  . |_   _| | ___   | |_/ /   _ _ __ | |_ _ _ __ ___   ___   *
*    | |\/| | | | | |/ _ \  |    / | | | '_ \| __| | '_ ` _ \ / _ \  *
*    | |  | | |_| | |  __/  | |\ \ |_| | | | | |_| | | | | | |  __/  *
*    \_|  |_/\__,_|_|\___|  \_| \_\__,_|_| |_|\__|_|_| |_| |_|\___|  *
*                                                                    *
*                                                                    *
* Mule Runtime and Integration Platform                              *
* Version: 4.10.0 Build: 5e9be670                                    *
* MuleSoft, Inc.                                                     *
* For more information go to                                         *
* https://www.mulesoft.com/platform/soa/mule-esb-enterprise          *
*                                                                    *
* Server started: 10/13/25 3:15 AM                                   *
* JDK: 17.0.16 (mixed mode, sharing)                                 *
* JDK properties:                                                    *
*  - java.vendor = Ubuntu                                            *
*  - java.vm.name = OpenJDK 64-Bit Server VM                         *
*  - java.home = /usr/lib/jvm/java-17-openjdk-amd64                  *
* OS: Linux (5.15.167.4-microsoft-standard-WSL2, amd64)              *
* Wrapper PID: 127                                                   *
* Java PID: 147                                                      *
* Host: 3d98d9e49415 (172.17.0.2)                                    *
* Mule services:                                                     *
*  - mule-service-oauth-ee-1.7.0                                     *
*  - mule-service-weave-ee-2.10.0                                    *
*  - api-gateway-contract-service-1.6.0                              *
*  - mule-service-soap-1.9.2                                         *
*  - mule-service-http-ee-1.13.0                                     *
*  - api-gateway-events-collector-service-1.6.0                      *
*  - mule-service-scheduler-1.10.0                                   *
* Mule server plugins:                                               *
*  - mule-troubleshooting-plugin-1.0.0-mule-server-plugin.jar        *
* Applied artifact patches:                                          *
*  - W-19290853-1.0.1-4.10.0.jar                                     *
*  - W-19290853-1.0.2-4.10.0.jar                                     *
* Mule system properties:                                            *
*  - mule.metadata.cache.expirationInterval.millis = 5000            *
*  - mule.base = /opt/mule                                           *
*  - mule.home = /opt/mule                                           *
* - mule.bootstrap.container.wrapper.class =                         *
* org.mule.runtime.module.boot.tanuki.internal.MuleContainerTanukiWr *
* apper                                                              *
*  - mule.verbose.exceptions = true                                  *
*  - mule.metadata.cache.entryTtl.minutes = 10                       *
**********************************************************************

**********************************************************************
* Cluster configuration                                              *
*                                                                    *
* Cluster mode disabled                                              *
**********************************************************************
 + New domain 'default'
 + Initializing domain 'default'

**********************************************************************
* Started DefaultSchedulerService                                    *
*                                                                    *
* Resolved configuration values:                                     *
*                                                                    *
* Pooling strategy:       UBER                                       *
* gracefulShutdownTimeout:       15000 ms                            *
* uber.threadPool.maxSize:         172                               *
* uber.threadPool.threadKeepAlive: 30000 ms                          *
*                                                                    *
* These can be modified by editing 'conf/scheduler-pools.conf'       *
**********************************************************************

**********************************************************************
* Domain "default" shut down normally on: 10/13/25 3:15 AM           *
* Up for: 0 days, 0 hours, 0 mins, 0.1 sec                           *
**********************************************************************

**********************************************************************
* Started domain 'default'                                           *
**********************************************************************
 + New app 'job_mail-1.0.0-mule-application'
 + Initializing app 'job_mail-1.0.0-mule-application'
 + Starting app 'job_mail-1.0.0-mule-application'

**********************************************************************
* Started app 'job_mail-1.0.0-mule-application'                      *
* Application plugins:                                               *
*  - Email : 1.7.6                                                   *
*  - File Common Plugin : 1.4.3                                      *
*  - Sockets : 1.2.7                                                 *
*  - File : 1.5.4                                                    *
*  - HTTP : 1.11.0                                                   *
**********************************************************************
 + Mule is up and kicking (every 5000ms)

**********************************************************************
*              - - + DOMAIN + - -               * - - + STATUS + - - *
**********************************************************************
* default                                       * DEPLOYED           *
**********************************************************************

*******************************************************************************************************
*            - - + APPLICATION + - -            *       - - + DOMAIN + - -       * - - + STATUS + - - *
*******************************************************************************************************
* job_mail-1.0.0-mule-application               * default                        * DEPLOYED           *
*******************************************************************************************************

--> Wrapper Started as Console
Java Service Wrapper Standard Edition 64-bit 3.5.51
  Copyright (C) 1999-2022 Tanuki Software, Ltd. All Rights Reserved.
    http://wrapper.tanukisoftware.com
  Licensed to MuleSoft Inc. for Mule Runtime Enterprise Edition

Launching a JVM...
Starting the Mule Container...
WrapperManager: Initializing...
Valid license key --> Evaluation = true, Expiration Date = Wed Nov 12 00:00:00 IST 2025, Contact Name = MuleSoft Support, Contact Email Address = support@mulesoft.com, Contact Telephone = support@mulesoft.com, Contact Company = MuleSoft, Contact Country = US, Entitlements = 

**********************************************************************
*                                                                    *
*                         (((((((((((((((((((                        *
*                     (((((                 ((((#                    *
*                  &(((                        *(((                  *
*                &(((                             (((                *
*               (((     (((%               (((#     (((              *
*              ((     (((((((             (((((((    (((             *
*             ((     (((((((((           (((((((((     ((            *
*            ((    #(((((((((((        #(((((((((((    (((           *
*           #((    ((((((((((((((     ((((((((((((((    ((           *
*           ((    ((((((  /(((((((   (((((((  /((((((    ((          *
*           ((    ((((((    (((((((&(((((((    ((((((    ((          *
*           ((    (((((      ((((((((((((*     ((((((    ((          *
*           ((    ((((((      *(((((((((       ((((((    ((          *
*           ((    ((((((        (((((((        ((((((   (((          *
*            ((    ((((((                     ((((((    ((           *
*            ((#    ((((((#                 (((((((    ((            *
*             ((#    ((((((((             ((((((((    (((            *
*              (((    (((((((              (((((     ((.             *
*                ((      (((               (((     #((               *
*                 /((                            (((                 *
*                    (((                      &(((                   *
*                      *((((&             &((((                      *
*                           ((((((((((((((/                          *
*                                                                    *
*    ___  ___      _        ______            _   _                  *
*    |  \/  |     | |       | ___ \          | | (_)                 *
*    | .  . |_   _| | ___   | |_/ /   _ _ __ | |_ _ _ __ ___   ___   *
*    | |\/| | | | | |/ _ \  |    / | | | '_ \| __| | '_ ` _ \ / _ \  *
*    | |  | | |_| | |  __/  | |\ \ |_| | | | | |_| | | | | | |  __/  *
*    \_|  |_/\__,_|_|\___|  \_| \_\__,_|_| |_|\__|_|_| |_| |_|\___|  *
*                                                                    *
*                                                                    *
* Mule Runtime and Integration Platform                              *
* Version: 4.10.0 Build: 5e9be670                                    *
* MuleSoft, Inc.                                                     *
* For more information go to                                         *
* https://www.mulesoft.com/platform/soa/mule-esb-enterprise          *
*                                                                    *
* Server started: 10/13/25 9:59 AM                                   *
* JDK: 17.0.16 (mixed mode, sharing)                                 *
* JDK properties:                                                    *
*  - java.vendor = Ubuntu                                            *
*  - java.vm.name = OpenJDK 64-Bit Server VM                         *
*  - java.home = /usr/lib/jvm/java-17-openjdk-amd64                  *
* OS: Linux (5.15.167.4-microsoft-standard-WSL2, amd64)              *
* Wrapper PID: 134                                                   *
* Java PID: 154                                                      *
* Host: 3d98d9e49415 (172.17.0.2)                                    *
* Mule services:                                                     *
*  - mule-service-oauth-ee-1.7.0                                     *
*  - mule-service-weave-ee-2.10.0                                    *
*  - api-gateway-contract-service-1.6.0                              *
*  - mule-service-soap-1.9.2                                         *
*  - mule-service-http-ee-1.13.0                                     *
*  - api-gateway-events-collector-service-1.6.0                      *
*  - mule-service-scheduler-1.10.0                                   *
* Mule server plugins:                                               *
*  - mule-troubleshooting-plugin-1.0.0-mule-server-plugin            *
* Applied artifact patches:                                          *
*  - W-19290853-1.0.1-4.10.0.jar                                     *
*  - W-19290853-1.0.2-4.10.0.jar                                     *
* Mule system properties:                                            *
*  - mule.metadata.cache.expirationInterval.millis = 5000            *
*  - mule.base = /opt/mule                                           *
*  - mule.home = /opt/mule                                           *
* - mule.bootstrap.container.wrapper.class =                         *
* org.mule.runtime.module.boot.tanuki.internal.MuleContainerTanukiWr *
* apper                                                              *
*  - mule.verbose.exceptions = true                                  *
*  - mule.metadata.cache.entryTtl.minutes = 10                       *
**********************************************************************

**********************************************************************
* Cluster configuration                                              *
*                                                                    *
* Cluster mode disabled                                              *
**********************************************************************
 + New domain 'default'
 + Initializing domain 'default'

**********************************************************************
* Started DefaultSchedulerService                                    *
*                                                                    *
* Resolved configuration values:                                     *
*                                                                    *
* Pooling strategy:       UBER                                       *
* gracefulShutdownTimeout:       15000 ms                            *
* uber.threadPool.maxSize:         172                               *
* uber.threadPool.threadKeepAlive: 30000 ms                          *
*                                                                    *
* These can be modified by editing 'conf/scheduler-pools.conf'       *
**********************************************************************

**********************************************************************
* Domain "default" shut down normally on: 10/13/25 9:59 AM           *
* Up for: 0 days, 0 hours, 0 mins, 0.0 sec                           *
**********************************************************************

**********************************************************************
* Started domain 'default'                                           *
**********************************************************************
 + New app 'job_mail-1.0.0-mule-application'
 + Initializing app 'job_mail-1.0.0-mule-application'
 + Starting app 'job_mail-1.0.0-mule-application'

**********************************************************************
* Started app 'job_mail-1.0.0-mule-application'                      *
* Application plugins:                                               *
*  - Email : 1.7.6                                                   *
*  - File Common Plugin : 1.4.3                                      *
*  - Sockets : 1.2.7                                                 *
*  - File : 1.5.4                                                    *
*  - HTTP : 1.11.0                                                   *
**********************************************************************
 + Mule is up and kicking (every 5000ms)

**********************************************************************
*              - - + DOMAIN + - -               * - - + STATUS + - - *
**********************************************************************
* default                                       * DEPLOYED           *
**********************************************************************

*******************************************************************************************************
*            - - + APPLICATION + - -            *       - - + DOMAIN + - -       * - - + STATUS + - - *
*******************************************************************************************************
* job_mail-1.0.0-mule-application               * default                        * DEPLOYED           *
*******************************************************************************************************

